<?xml version="1.0" encoding="UTF-8"?>
<!-- Generated by org.testng.reporters.JUnitReportReporter -->
<testsuite hostname="Dev-PC" failures="0" tests="4" name="api.testcases.UserTest" time="8.517" errors="0" timestamp="2025-04-23T10:49:10 IST" skipped="0">
  <testcase classname="api.testcases.UserTest" name="testCreateUser" time="3.732"/>
  <testcase classname="api.testcases.UserTest" name="testGetUserData" time="1.275"/>
  <testcase classname="api.testcases.UserTest" name="testUpdateUser" time="2.375"/>
  <testcase classname="api.testcases.UserTest" name="testDeleteUser" time="1.135"/>
</testsuite> <!-- api.testcases.UserTest -->
